Determining if the pthread_create exist failed with the following output:
Change Dir: /home/hyb/nav_fanfzhen/build/CMakeFiles/CMakeTmp

Run Build Command:"/usr/bin/make" "cmTC_1b71e/fast"
/usr/bin/make -f CMakeFiles/cmTC_1b71e.dir/build.make CMakeFiles/cmTC_1b71e.dir/build
make[1]: Entering directory '/home/hyb/nav_fanfzhen/build/CMakeFiles/CMakeTmp'
Building C object CMakeFiles/cmTC_1b71e.dir/CheckSymbolExists.c.o
/usr/bin/cc    -o CMakeFiles/cmTC_1b71e.dir/CheckSymbolExists.c.o   -c /home/hyb/nav_fanfzhen/build/CMakeFiles/CMakeTmp/CheckSymbolExists.c
Linking C executable cmTC_1b71e
/usr/bin/cmake -E cmake_link_script CMakeFiles/cmTC_1b71e.dir/link.txt --verbose=1
/usr/bin/cc      -rdynamic CMakeFiles/cmTC_1b71e.dir/CheckSymbolExists.c.o  -o cmTC_1b71e 
CMakeFiles/cmTC_1b71e.dir/CheckSymbolExists.c.o: In function `main':
CheckSymbolExists.c:(.text+0x1b): undefined reference to `pthread_create'
collect2: error: ld returned 1 exit status
CMakeFiles/cmTC_1b71e.dir/build.make:97: recipe for target 'cmTC_1b71e' failed
make[1]: *** [cmTC_1b71e] Error 1
make[1]: Leaving directory '/home/hyb/nav_fanfzhen/build/CMakeFiles/CMakeTmp'
Makefile:126: recipe for target 'cmTC_1b71e/fast' failed
make: *** [cmTC_1b71e/fast] Error 2

File /home/hyb/nav_fanfzhen/build/CMakeFiles/CMakeTmp/CheckSymbolExists.c:
/* */
#include <pthread.h>

int main(int argc, char** argv)
{
  (void)argv;
#ifndef pthread_create
  return ((int*)(&pthread_create))[argc];
#else
  (void)argc;
  return 0;
#endif
}

Determining if the function pthread_create exists in the pthreads failed with the following output:
Change Dir: /home/hyb/nav_fanfzhen/build/CMakeFiles/CMakeTmp

Run Build Command:"/usr/bin/make" "cmTC_a5021/fast"
/usr/bin/make -f CMakeFiles/cmTC_a5021.dir/build.make CMakeFiles/cmTC_a5021.dir/build
make[1]: Entering directory '/home/hyb/nav_fanfzhen/build/CMakeFiles/CMakeTmp'
Building C object CMakeFiles/cmTC_a5021.dir/CheckFunctionExists.c.o
/usr/bin/cc   -DCHECK_FUNCTION_EXISTS=pthread_create   -o CMakeFiles/cmTC_a5021.dir/CheckFunctionExists.c.o   -c /usr/share/cmake-3.10/Modules/CheckFunctionExists.c
Linking C executable cmTC_a5021
/usr/bin/cmake -E cmake_link_script CMakeFiles/cmTC_a5021.dir/link.txt --verbose=1
/usr/bin/cc  -DCHECK_FUNCTION_EXISTS=pthread_create    -rdynamic CMakeFiles/cmTC_a5021.dir/CheckFunctionExists.c.o  -o cmTC_a5021 -lpthreads 
/usr/bin/ld: cannot find -lpthreads
collect2: error: ld returned 1 exit status
CMakeFiles/cmTC_a5021.dir/build.make:97: recipe for target 'cmTC_a5021' failed
make[1]: *** [cmTC_a5021] Error 1
make[1]: Leaving directory '/home/hyb/nav_fanfzhen/build/CMakeFiles/CMakeTmp'
Makefile:126: recipe for target 'cmTC_a5021/fast' failed
make: *** [cmTC_a5021/fast] Error 2


Determining if the include file pgm.h exists failed with the following output:
Change Dir: /home/hyb/nav_fanfzhen/build/CMakeFiles/CMakeTmp

Run Build Command:"/usr/bin/make" "cmTC_d2999/fast"
/usr/bin/make -f CMakeFiles/cmTC_d2999.dir/build.make CMakeFiles/cmTC_d2999.dir/build
make[1]: Entering directory '/home/hyb/nav_fanfzhen/build/CMakeFiles/CMakeTmp'
Building CXX object CMakeFiles/cmTC_d2999.dir/CheckIncludeFile.cxx.o
/usr/bin/c++     -o CMakeFiles/cmTC_d2999.dir/CheckIncludeFile.cxx.o -c /home/hyb/nav_fanfzhen/build/CMakeFiles/CMakeTmp/CheckIncludeFile.cxx
/home/hyb/nav_fanfzhen/build/CMakeFiles/CMakeTmp/CheckIncludeFile.cxx:1:10: fatal error: pgm.h: 没有那个文件或目录
 #include <pgm.h>
          ^~~~~~~
compilation terminated.
CMakeFiles/cmTC_d2999.dir/build.make:65: recipe for target 'CMakeFiles/cmTC_d2999.dir/CheckIncludeFile.cxx.o' failed
make[1]: *** [CMakeFiles/cmTC_d2999.dir/CheckIncludeFile.cxx.o] Error 1
make[1]: Leaving directory '/home/hyb/nav_fanfzhen/build/CMakeFiles/CMakeTmp'
Makefile:126: recipe for target 'cmTC_d2999/fast' failed
make: *** [cmTC_d2999/fast] Error 2


