Determining if the pthread_create exist failed with the following output:
Change Dir: /home/hyb/nav_fanfzhen/src/nav/amcl/build/CMakeFiles/CMakeTmp

Run Build Command:"/usr/bin/make" "cmTC_186ff/fast"
/usr/bin/make -f CMakeFiles/cmTC_186ff.dir/build.make CMakeFiles/cmTC_186ff.dir/build
make[1]: Entering directory '/home/hyb/nav_fanfzhen/src/nav/amcl/build/CMakeFiles/CMakeTmp'
Building C object CMakeFiles/cmTC_186ff.dir/CheckSymbolExists.c.o
/usr/bin/cc    -o CMakeFiles/cmTC_186ff.dir/CheckSymbolExists.c.o   -c /home/hyb/nav_fanfzhen/src/nav/amcl/build/CMakeFiles/CMakeTmp/CheckSymbolExists.c
Linking C executable cmTC_186ff
/usr/bin/cmake -E cmake_link_script CMakeFiles/cmTC_186ff.dir/link.txt --verbose=1
/usr/bin/cc      -rdynamic CMakeFiles/cmTC_186ff.dir/CheckSymbolExists.c.o  -o cmTC_186ff 
CMakeFiles/cmTC_186ff.dir/CheckSymbolExists.c.o: In function `main':
CheckSymbolExists.c:(.text+0x1b): undefined reference to `pthread_create'
collect2: error: ld returned 1 exit status
CMakeFiles/cmTC_186ff.dir/build.make:97: recipe for target 'cmTC_186ff' failed
make[1]: *** [cmTC_186ff] Error 1
make[1]: Leaving directory '/home/hyb/nav_fanfzhen/src/nav/amcl/build/CMakeFiles/CMakeTmp'
Makefile:126: recipe for target 'cmTC_186ff/fast' failed
make: *** [cmTC_186ff/fast] Error 2

File /home/hyb/nav_fanfzhen/src/nav/amcl/build/CMakeFiles/CMakeTmp/CheckSymbolExists.c:
/* */
#include <pthread.h>

int main(int argc, char** argv)
{
  (void)argv;
#ifndef pthread_create
  return ((int*)(&pthread_create))[argc];
#else
  (void)argc;
  return 0;
#endif
}

Determining if the function pthread_create exists in the pthreads failed with the following output:
Change Dir: /home/hyb/nav_fanfzhen/src/nav/amcl/build/CMakeFiles/CMakeTmp

Run Build Command:"/usr/bin/make" "cmTC_f34e8/fast"
/usr/bin/make -f CMakeFiles/cmTC_f34e8.dir/build.make CMakeFiles/cmTC_f34e8.dir/build
make[1]: Entering directory '/home/hyb/nav_fanfzhen/src/nav/amcl/build/CMakeFiles/CMakeTmp'
Building C object CMakeFiles/cmTC_f34e8.dir/CheckFunctionExists.c.o
/usr/bin/cc   -DCHECK_FUNCTION_EXISTS=pthread_create   -o CMakeFiles/cmTC_f34e8.dir/CheckFunctionExists.c.o   -c /usr/share/cmake-3.10/Modules/CheckFunctionExists.c
Linking C executable cmTC_f34e8
/usr/bin/cmake -E cmake_link_script CMakeFiles/cmTC_f34e8.dir/link.txt --verbose=1
/usr/bin/cc  -DCHECK_FUNCTION_EXISTS=pthread_create    -rdynamic CMakeFiles/cmTC_f34e8.dir/CheckFunctionExists.c.o  -o cmTC_f34e8 -lpthreads 
/usr/bin/ld: cannot find -lpthreads
collect2: error: ld returned 1 exit status
CMakeFiles/cmTC_f34e8.dir/build.make:97: recipe for target 'cmTC_f34e8' failed
make[1]: *** [cmTC_f34e8] Error 1
make[1]: Leaving directory '/home/hyb/nav_fanfzhen/src/nav/amcl/build/CMakeFiles/CMakeTmp'
Makefile:126: recipe for target 'cmTC_f34e8/fast' failed
make: *** [cmTC_f34e8/fast] Error 2


